2025-07-27 12:47:41 | ModuleLoader | INFO | logging_manager:info:80 | 🚀 Starting FCA Web Application...
2025-07-27 12:47:41 | ModuleLoader | INFO | logging_manager:info:80 | Module registered: isolation_forest
2025-07-27 12:47:41 | ModuleLoader | INFO | logging_manager:info:80 | Function call: core.module_loader.register_module
2025-07-27 12:47:41 | ModuleLoader | INFO | logging_manager:info:80 | Module registered: performance_chart
2025-07-27 12:47:41 | ModuleLoader | INFO | logging_manager:info:80 | Function call: core.module_loader.register_module
2025-07-27 12:47:41 | ModuleLoader | INFO | logging_manager:info:80 | Module registered: model_comparison_chart
2025-07-27 12:47:41 | ModuleLoader | INFO | logging_manager:info:80 | Function call: core.module_loader.register_module
2025-07-27 12:47:41 | ModuleLoader | INFO | logging_manager:info:80 | Function registered: calculate_descriptive_stats (module: statistics)
2025-07-27 12:47:41 | ModuleLoader | INFO | logging_manager:info:80 | Function call: core.module_loader.register_function
2025-07-27 12:47:41 | ModuleLoader | INFO | logging_manager:info:80 | Default modules registered
2025-07-27 12:47:41 | ModuleLoader | INFO | logging_manager:info:80 | 📦 Module loader initialized
2025-07-27 12:47:41 | ModuleLoader | INFO | logging_manager:info:80 | 🔧 Request middleware configured
2025-07-27 12:47:41 | ModuleLoader | INFO | logging_manager:info:80 | 🔧 Middleware configured
2025-07-27 12:47:41 | ModuleLoader | INFO | logging_manager:info:80 | 📄 Page routes configured
2025-07-27 12:47:41 | ModuleLoader | INFO | logging_manager:info:80 | 🔌 API routes configured
2025-07-27 12:47:41 | ModuleLoader | INFO | logging_manager:info:80 | ❌ Error handlers configured
2025-07-27 12:47:41 | ModuleLoader | INFO | logging_manager:info:80 | ✅ All routes configured
2025-07-27 12:47:41 | ModuleLoader | INFO | logging_manager:info:80 | 🛣️  Routes configured
2025-07-27 12:47:41 | ModuleLoader | INFO | logging_manager:info:80 | Function call: core.module_loader.get_system_status
2025-07-27 12:47:41 | ModuleLoader | INFO | logging_manager:info:80 | 📊 System status
2025-07-27 12:47:41 | ModuleLoader | INFO | logging_manager:info:80 | Function call: __main__.create_app
2025-07-27 12:47:41 | ModuleLoader | INFO | logging_manager:info:80 | 🌐 Starting web server...
📊 Dashboard will be available at:
   - Local: http://localhost:5003
   - Network: http://0.0.0.0:5003

Press Ctrl+C to stop the server
 * Serving Flask app 'app_minimal'
 * Debug mode: on
[31m[1mWARNING: This is a development server. Do not use it in a production deployment. Use a production WSGI server instead.[0m
 * Running on all addresses (0.0.0.0)
 * Running on http://127.0.0.1:5003
 * Running on http://172.22.167.188:5003
[33mPress CTRL+C to quit[0m
 * Restarting with stat
2025-07-27 12:47:41 | ModuleLoader | INFO | logging_manager:info:80 | 🚀 Starting FCA Web Application...
2025-07-27 12:47:41 | ModuleLoader | INFO | logging_manager:info:80 | Module registered: isolation_forest
2025-07-27 12:47:41 | ModuleLoader | INFO | logging_manager:info:80 | Function call: core.module_loader.register_module
2025-07-27 12:47:41 | ModuleLoader | INFO | logging_manager:info:80 | Module registered: performance_chart
2025-07-27 12:47:41 | ModuleLoader | INFO | logging_manager:info:80 | Function call: core.module_loader.register_module
2025-07-27 12:47:41 | ModuleLoader | INFO | logging_manager:info:80 | Module registered: model_comparison_chart
2025-07-27 12:47:41 | ModuleLoader | INFO | logging_manager:info:80 | Function call: core.module_loader.register_module
2025-07-27 12:47:41 | ModuleLoader | INFO | logging_manager:info:80 | Function registered: calculate_descriptive_stats (module: statistics)
2025-07-27 12:47:41 | ModuleLoader | INFO | logging_manager:info:80 | Function call: core.module_loader.register_function
2025-07-27 12:47:41 | ModuleLoader | INFO | logging_manager:info:80 | Default modules registered
2025-07-27 12:47:41 | ModuleLoader | INFO | logging_manager:info:80 | 📦 Module loader initialized
2025-07-27 12:47:41 | ModuleLoader | INFO | logging_manager:info:80 | 🔧 Request middleware configured
2025-07-27 12:47:41 | ModuleLoader | INFO | logging_manager:info:80 | 🔧 Middleware configured
2025-07-27 12:47:41 | ModuleLoader | INFO | logging_manager:info:80 | 📄 Page routes configured
2025-07-27 12:47:41 | ModuleLoader | INFO | logging_manager:info:80 | 🔌 API routes configured
2025-07-27 12:47:41 | ModuleLoader | INFO | logging_manager:info:80 | ❌ Error handlers configured
2025-07-27 12:47:41 | ModuleLoader | INFO | logging_manager:info:80 | ✅ All routes configured
2025-07-27 12:47:41 | ModuleLoader | INFO | logging_manager:info:80 | 🛣️  Routes configured
2025-07-27 12:47:41 | ModuleLoader | INFO | logging_manager:info:80 | Function call: core.module_loader.get_system_status
2025-07-27 12:47:41 | ModuleLoader | INFO | logging_manager:info:80 | 📊 System status
2025-07-27 12:47:41 | ModuleLoader | INFO | logging_manager:info:80 | Function call: __main__.create_app
2025-07-27 12:47:41 | ModuleLoader | INFO | logging_manager:info:80 | 🌐 Starting web server...
 * Debugger is active!
 * Debugger PIN: 256-692-493
2025-07-27 12:49:50 | ModuleLoader | INFO | logging_manager:info:80 | 🔄 Request started
2025-07-27 12:49:50 | ModuleLoader | INFO | logging_manager:info:80 | Function call: core.module_loader.get_system_status
2025-07-27 12:49:50 | ModuleLoader | ERROR | logging_manager:error:88 | Dashboard page error: Could not build url for endpoint 'datasets_overview'. Did you mean 'datasets_page' instead?
2025-07-27 12:49:50 | ModuleLoader | ERROR | logging_manager:error:88 | Function call failed: web_app.routes.handlers.page_handlers.dashboard_page
2025-07-27 12:49:50 | ModuleLoader | WARNING | logging_manager:warning:84 | API call failed: GET index
2025-07-27 12:49:50 | ModuleLoader | ERROR | logging_manager:error:88 | Unhandled exception: Could not build url for endpoint 'datasets_overview'. Did you mean 'datasets_page' instead?
2025-07-27 12:49:50 | ModuleLoader | INFO | logging_manager:info:80 | ✅ Request completed
127.0.0.1 - - [27/Jul/2025 12:49:50] "[35m[1mGET / HTTP/1.1[0m" 500 -
2025-07-27 12:49:50 | ModuleLoader | INFO | logging_manager:info:80 | 🔄 Request started
2025-07-27 12:49:50 | ModuleLoader | ERROR | logging_manager:error:88 | Fraud page error: Could not build url for endpoint 'datasets_overview'. Did you mean 'datasets_page' instead?
2025-07-27 12:49:50 | ModuleLoader | ERROR | logging_manager:error:88 | Function call failed: web_app.routes.handlers.page_handlers.fraud_page
2025-07-27 12:49:50 | ModuleLoader | WARNING | logging_manager:warning:84 | API call failed: GET fraud_analysis
2025-07-27 12:49:50 | ModuleLoader | ERROR | logging_manager:error:88 | Unhandled exception: Could not build url for endpoint 'datasets_overview'. Did you mean 'datasets_page' instead?
2025-07-27 12:49:50 | ModuleLoader | INFO | logging_manager:info:80 | ✅ Request completed
127.0.0.1 - - [27/Jul/2025 12:49:50] "[35m[1mGET /fraud HTTP/1.1[0m" 500 -
2025-07-27 12:49:50 | ModuleLoader | INFO | logging_manager:info:80 | 🔄 Request started
2025-07-27 12:49:50 | ModuleLoader | ERROR | logging_manager:error:88 | Sentiment page error: Could not build url for endpoint 'datasets_overview'. Did you mean 'datasets_page' instead?
2025-07-27 12:49:50 | ModuleLoader | ERROR | logging_manager:error:88 | Function call failed: web_app.routes.handlers.page_handlers.sentiment_page
2025-07-27 12:49:50 | ModuleLoader | WARNING | logging_manager:warning:84 | API call failed: GET sentiment_analysis
2025-07-27 12:49:50 | ModuleLoader | ERROR | logging_manager:error:88 | Unhandled exception: Could not build url for endpoint 'datasets_overview'. Did you mean 'datasets_page' instead?
2025-07-27 12:49:50 | ModuleLoader | INFO | logging_manager:info:80 | ✅ Request completed
127.0.0.1 - - [27/Jul/2025 12:49:50] "[35m[1mGET /sentiment HTTP/1.1[0m" 500 -
2025-07-27 12:49:50 | ModuleLoader | INFO | logging_manager:info:80 | 🔄 Request started
2025-07-27 12:49:50 | ModuleLoader | ERROR | logging_manager:error:88 | Attrition page error: Could not build url for endpoint 'datasets_overview'. Did you mean 'datasets_page' instead?
2025-07-27 12:49:50 | ModuleLoader | ERROR | logging_manager:error:88 | Function call failed: web_app.routes.handlers.page_handlers.attrition_page
2025-07-27 12:49:50 | ModuleLoader | WARNING | logging_manager:warning:84 | API call failed: GET attrition_analysis
2025-07-27 12:49:50 | ModuleLoader | ERROR | logging_manager:error:88 | Unhandled exception: Could not build url for endpoint 'datasets_overview'. Did you mean 'datasets_page' instead?
2025-07-27 12:49:50 | ModuleLoader | INFO | logging_manager:info:80 | ✅ Request completed
127.0.0.1 - - [27/Jul/2025 12:49:50] "[35m[1mGET /attrition HTTP/1.1[0m" 500 -
2025-07-27 12:49:50 | ModuleLoader | INFO | logging_manager:info:80 | 🔄 Request started
2025-07-27 12:49:50 | ModuleLoader | ERROR | logging_manager:error:88 | Datasets page error: Could not build url for endpoint 'datasets_overview'. Did you mean 'datasets_page' instead?
2025-07-27 12:49:50 | ModuleLoader | ERROR | logging_manager:error:88 | Function call failed: web_app.routes.handlers.page_handlers.datasets_page
2025-07-27 12:49:50 | ModuleLoader | WARNING | logging_manager:warning:84 | API call failed: GET datasets_page
2025-07-27 12:49:50 | ModuleLoader | ERROR | logging_manager:error:88 | Unhandled exception: Could not build url for endpoint 'datasets_overview'. Did you mean 'datasets_page' instead?
2025-07-27 12:49:50 | ModuleLoader | INFO | logging_manager:info:80 | ✅ Request completed
127.0.0.1 - - [27/Jul/2025 12:49:50] "[35m[1mGET /datasets HTTP/1.1[0m" 500 -
2025-07-27 12:49:50 | ModuleLoader | INFO | logging_manager:info:80 | 🔄 Request started
2025-07-27 12:49:50 | ModuleLoader | ERROR | logging_manager:error:88 | Comparison page error: Could not build url for endpoint 'datasets_overview'. Did you mean 'datasets_page' instead?
2025-07-27 12:49:50 | ModuleLoader | ERROR | logging_manager:error:88 | Function call failed: web_app.routes.handlers.page_handlers.comparison_page
2025-07-27 12:49:50 | ModuleLoader | WARNING | logging_manager:warning:84 | API call failed: GET comparison_page
2025-07-27 12:49:50 | ModuleLoader | ERROR | logging_manager:error:88 | Unhandled exception: Could not build url for endpoint 'datasets_overview'. Did you mean 'datasets_page' instead?
2025-07-27 12:49:50 | ModuleLoader | INFO | logging_manager:info:80 | ✅ Request completed
127.0.0.1 - - [27/Jul/2025 12:49:50] "[35m[1mGET /comparison HTTP/1.1[0m" 500 -
2025-07-27 12:49:50 | ModuleLoader | INFO | logging_manager:info:80 | 🔄 Request started
2025-07-27 12:49:50 | ModuleLoader | INFO | logging_manager:info:80 | Function call: core.module_loader.get_system_status
2025-07-27 12:49:50 | ModuleLoader | INFO | logging_manager:info:80 | Function call: web_app.routes.handlers.api_handlers.health_check
2025-07-27 12:49:50 | ModuleLoader | INFO | logging_manager:info:80 | API call: GET api_health
2025-07-27 12:49:50 | ModuleLoader | INFO | logging_manager:info:80 | ✅ Request completed
127.0.0.1 - - [27/Jul/2025 12:49:50] "GET /api/health HTTP/1.1" 200 -
2025-07-27 12:49:50 | ModuleLoader | INFO | logging_manager:info:80 | 🔄 Request started
2025-07-27 12:49:50 | ModuleLoader | INFO | logging_manager:info:80 | Function call: core.module_loader.get_system_status
2025-07-27 12:49:50 | ModuleLoader | INFO | logging_manager:info:80 | Function call: web_app.routes.handlers.api_handlers.project_summary
2025-07-27 12:49:50 | ModuleLoader | INFO | logging_manager:info:80 | API call: GET api_summary
2025-07-27 12:49:50 | ModuleLoader | INFO | logging_manager:info:80 | ✅ Request completed
127.0.0.1 - - [27/Jul/2025 12:49:50] "GET /api/summary HTTP/1.1" 200 -
2025-07-27 12:49:50 | ModuleLoader | INFO | logging_manager:info:80 | 🔄 Request started
2025-07-27 12:49:50 | ModuleLoader | INFO | logging_manager:info:80 | Module loaded successfully: performance_chart
2025-07-27 12:49:50 | ModuleLoader | INFO | logging_manager:info:80 | Function call: core.module_loader.load_module
2025-07-27 12:49:50 | ModuleLoader | INFO | logging_manager:info:80 | Function call: core.module_loader.load_chart_generator
2025-07-27 12:49:50 | ModuleLoader | INFO | logging_manager:info:80 | Function call: web_app.routes.handlers.api_handlers.chart_data
2025-07-27 12:49:50 | ModuleLoader | INFO | logging_manager:info:80 | API call: GET api_chart
2025-07-27 12:49:50 | ModuleLoader | INFO | logging_manager:info:80 | ✅ Request completed
127.0.0.1 - - [27/Jul/2025 12:49:50] "GET /api/chart/overview HTTP/1.1" 200 -
2025-07-27 12:49:50 | ModuleLoader | INFO | logging_manager:info:80 | 🔄 Request started
2025-07-27 12:49:50 | ModuleLoader | INFO | logging_manager:info:80 | Function call: core.module_loader.get_system_status
2025-07-27 12:49:50 | ModuleLoader | INFO | logging_manager:info:80 | Function call: web_app.routes.handlers.api_handlers.system_status
2025-07-27 12:49:50 | ModuleLoader | INFO | logging_manager:info:80 | API call: GET api_system_status
2025-07-27 12:49:50 | ModuleLoader | INFO | logging_manager:info:80 | ✅ Request completed
127.0.0.1 - - [27/Jul/2025 12:49:50] "GET /api/system/status HTTP/1.1" 200 -
2025-07-27 12:49:50 | ModuleLoader | INFO | logging_manager:info:80 | 🔄 Request started
2025-07-27 12:49:50 | ModuleLoader | INFO | logging_manager:info:80 | Function call: web_app.routes.handlers.api_handlers.module_status
2025-07-27 12:49:50 | ModuleLoader | INFO | logging_manager:info:80 | API call: GET api_system_modules
2025-07-27 12:49:50 | ModuleLoader | INFO | logging_manager:info:80 | ✅ Request completed
127.0.0.1 - - [27/Jul/2025 12:49:50] "GET /api/system/modules HTTP/1.1" 200 -
